<?xml version="1.0" encoding="UTF-8"?>
<testng-results ignored="0" total="4" passed="2" failed="2" skipped="0">
  <reporter-output>
  </reporter-output>
  <suite started-at="2019-07-18T16:45:11Z" name="Suite" finished-at="2019-07-18T16:45:40Z" duration-ms="29257">
    <groups>
    </groups>
    <test started-at="2019-07-18T16:45:11Z" name="Test" finished-at="2019-07-18T16:45:40Z" duration-ms="29257">
      <class name="com.guru99.live.TestCases.TC_MobilePageTest">
        <test-method is-config="true" signature="setUp(java.lang.String)[pri:0, instance:com.guru99.live.TestCases.TC_MobilePageTest@22635ba0]" started-at="2019-07-18T16:45:25Z" name="setUp" finished-at="2019-07-18T16:45:29Z" duration-ms="3899" status="PASS">
          <params>
            <param index="0">
              <value>
                <![CDATA[Chrome]]>
              </value>
            </param>
          </params>
          <reporter-output>
          </reporter-output>
        </test-method> <!-- setUp -->
        <test-method signature="verifyMobilePageTitle()[pri:0, instance:com.guru99.live.TestCases.TC_MobilePageTest@22635ba0]" started-at="2019-07-18T16:45:29Z" name="verifyMobilePageTitle" finished-at="2019-07-18T16:45:30Z" duration-ms="968" status="FAIL">
          <exception class="java.lang.AssertionError">
            <message>
              <![CDATA[expected [true] but found [false]]]>
            </message>
            <full-stacktrace>
              <![CDATA[java.lang.AssertionError: expected [true] but found [false]
at org.testng.Assert.fail(Assert.java:96)
at org.testng.Assert.failNotEquals(Assert.java:776)
at org.testng.Assert.assertTrue(Assert.java:44)
at org.testng.Assert.assertTrue(Assert.java:54)
at com.guru99.live.TestCases.TC_MobilePageTest.verifyMobilePageTitle(TC_MobilePageTest.java:24)
at java.base/jdk.internal.reflect.NativeMethodAccessorImpl.invoke0(Native Method)
at java.base/jdk.internal.reflect.NativeMethodAccessorImpl.invoke(NativeMethodAccessorImpl.java:62)
at java.base/jdk.internal.reflect.DelegatingMethodAccessorImpl.invoke(DelegatingMethodAccessorImpl.java:43)
at java.base/java.lang.reflect.Method.invoke(Method.java:567)
at org.testng.internal.MethodInvocationHelper.invokeMethod(MethodInvocationHelper.java:124)
at org.testng.internal.Invoker.invokeMethod(Invoker.java:583)
at org.testng.internal.Invoker.invokeTestMethod(Invoker.java:719)
at org.testng.internal.Invoker.invokeTestMethods(Invoker.java:989)
at org.testng.internal.TestMethodWorker.invokeTestMethods(TestMethodWorker.java:125)
at org.testng.internal.TestMethodWorker.run(TestMethodWorker.java:109)
at org.testng.TestRunner.privateRun(TestRunner.java:648)
at org.testng.TestRunner.run(TestRunner.java:505)
at org.testng.SuiteRunner.runTest(SuiteRunner.java:455)
at org.testng.SuiteRunner.runSequentially(SuiteRunner.java:450)
at org.testng.SuiteRunner.privateRun(SuiteRunner.java:415)
at org.testng.SuiteRunner.run(SuiteRunner.java:364)
at org.testng.SuiteRunnerWorker.runSuite(SuiteRunnerWorker.java:52)
at org.testng.SuiteRunnerWorker.run(SuiteRunnerWorker.java:84)
at org.testng.TestNG.runSuitesSequentially(TestNG.java:1208)
at org.testng.TestNG.runSuitesLocally(TestNG.java:1137)
at org.testng.TestNG.runSuites(TestNG.java:1049)
at org.testng.TestNG.run(TestNG.java:1017)
at org.testng.remote.AbstractRemoteTestNG.run(AbstractRemoteTestNG.java:115)
at org.testng.remote.RemoteTestNG.initAndRun(RemoteTestNG.java:251)
at org.testng.remote.RemoteTestNG.main(RemoteTestNG.java:77)
]]>
            </full-stacktrace>
          </exception> <!-- java.lang.AssertionError -->
          <reporter-output>
          </reporter-output>
        </test-method> <!-- verifyMobilePageTitle -->
        <test-method is-config="true" signature="tearDown()[pri:0, instance:com.guru99.live.TestCases.TC_MobilePageTest@22635ba0]" started-at="2019-07-18T16:45:30Z" name="tearDown" finished-at="2019-07-18T16:45:31Z" duration-ms="746" status="PASS">
          <reporter-output>
          </reporter-output>
        </test-method> <!-- tearDown -->
        <test-method is-config="true" signature="setUp(java.lang.String)[pri:0, instance:com.guru99.live.TestCases.TC_MobilePageTest@22635ba0]" started-at="2019-07-18T16:45:31Z" name="setUp" finished-at="2019-07-18T16:45:35Z" duration-ms="4072" status="PASS">
          <params>
            <param index="0">
              <value>
                <![CDATA[Chrome]]>
              </value>
            </param>
          </params>
          <reporter-output>
          </reporter-output>
        </test-method> <!-- setUp -->
        <test-method signature="verifyProductSortOrder()[pri:0, instance:com.guru99.live.TestCases.TC_MobilePageTest@22635ba0]" started-at="2019-07-18T16:45:35Z" name="verifyProductSortOrder" finished-at="2019-07-18T16:45:39Z" duration-ms="4130" status="PASS">
          <reporter-output>
          </reporter-output>
        </test-method> <!-- verifyProductSortOrder -->
        <test-method is-config="true" signature="tearDown()[pri:0, instance:com.guru99.live.TestCases.TC_MobilePageTest@22635ba0]" started-at="2019-07-18T16:45:39Z" name="tearDown" finished-at="2019-07-18T16:45:40Z" duration-ms="765" status="PASS">
          <reporter-output>
          </reporter-output>
        </test-method> <!-- tearDown -->
      </class> <!-- com.guru99.live.TestCases.TC_MobilePageTest -->
      <class name="com.guru99.live.TestCases.TC_HomePageTest">
        <test-method is-config="true" signature="setUp(java.lang.String)[pri:0, instance:com.guru99.live.TestCases.TC_HomePageTest@1df82230]" started-at="2019-07-18T16:45:11Z" name="setUp" finished-at="2019-07-18T16:45:19Z" duration-ms="7796" status="PASS">
          <params>
            <param index="0">
              <value>
                <![CDATA[Chrome]]>
              </value>
            </param>
          </params>
          <reporter-output>
          </reporter-output>
        </test-method> <!-- setUp -->
        <test-method signature="verifyHomePageLabel()[pri:0, instance:com.guru99.live.TestCases.TC_HomePageTest@1df82230]" started-at="2019-07-18T16:45:19Z" name="verifyHomePageLabel" finished-at="2019-07-18T16:45:19Z" duration-ms="125" status="FAIL">
          <exception class="java.lang.AssertionError">
            <message>
              <![CDATA[expected [true] but found [false]]]>
            </message>
            <full-stacktrace>
              <![CDATA[java.lang.AssertionError: expected [true] but found [false]
at org.testng.Assert.fail(Assert.java:96)
at org.testng.Assert.failNotEquals(Assert.java:776)
at org.testng.Assert.assertTrue(Assert.java:44)
at org.testng.Assert.assertTrue(Assert.java:54)
at com.guru99.live.TestCases.TC_HomePageTest.verifyHomePageLabel(TC_HomePageTest.java:31)
at java.base/jdk.internal.reflect.NativeMethodAccessorImpl.invoke0(Native Method)
at java.base/jdk.internal.reflect.NativeMethodAccessorImpl.invoke(NativeMethodAccessorImpl.java:62)
at java.base/jdk.internal.reflect.DelegatingMethodAccessorImpl.invoke(DelegatingMethodAccessorImpl.java:43)
at java.base/java.lang.reflect.Method.invoke(Method.java:567)
at org.testng.internal.MethodInvocationHelper.invokeMethod(MethodInvocationHelper.java:124)
at org.testng.internal.Invoker.invokeMethod(Invoker.java:583)
at org.testng.internal.Invoker.invokeTestMethod(Invoker.java:719)
at org.testng.internal.Invoker.invokeTestMethods(Invoker.java:989)
at org.testng.internal.TestMethodWorker.invokeTestMethods(TestMethodWorker.java:125)
at org.testng.internal.TestMethodWorker.run(TestMethodWorker.java:109)
at org.testng.TestRunner.privateRun(TestRunner.java:648)
at org.testng.TestRunner.run(TestRunner.java:505)
at org.testng.SuiteRunner.runTest(SuiteRunner.java:455)
at org.testng.SuiteRunner.runSequentially(SuiteRunner.java:450)
at org.testng.SuiteRunner.privateRun(SuiteRunner.java:415)
at org.testng.SuiteRunner.run(SuiteRunner.java:364)
at org.testng.SuiteRunnerWorker.runSuite(SuiteRunnerWorker.java:52)
at org.testng.SuiteRunnerWorker.run(SuiteRunnerWorker.java:84)
at org.testng.TestNG.runSuitesSequentially(TestNG.java:1208)
at org.testng.TestNG.runSuitesLocally(TestNG.java:1137)
at org.testng.TestNG.runSuites(TestNG.java:1049)
at org.testng.TestNG.run(TestNG.java:1017)
at org.testng.remote.AbstractRemoteTestNG.run(AbstractRemoteTestNG.java:115)
at org.testng.remote.RemoteTestNG.initAndRun(RemoteTestNG.java:251)
at org.testng.remote.RemoteTestNG.main(RemoteTestNG.java:77)
]]>
            </full-stacktrace>
          </exception> <!-- java.lang.AssertionError -->
          <reporter-output>
          </reporter-output>
        </test-method> <!-- verifyHomePageLabel -->
        <test-method is-config="true" signature="tearDown()[pri:0, instance:com.guru99.live.TestCases.TC_HomePageTest@1df82230]" started-at="2019-07-18T16:45:19Z" name="tearDown" finished-at="2019-07-18T16:45:20Z" duration-ms="765" status="PASS">
          <reporter-output>
          </reporter-output>
        </test-method> <!-- tearDown -->
        <test-method is-config="true" signature="setUp(java.lang.String)[pri:0, instance:com.guru99.live.TestCases.TC_HomePageTest@1df82230]" started-at="2019-07-18T16:45:20Z" name="setUp" finished-at="2019-07-18T16:45:24Z" duration-ms="4038" status="PASS">
          <params>
            <param index="0">
              <value>
                <![CDATA[Chrome]]>
              </value>
            </param>
          </params>
          <reporter-output>
          </reporter-output>
        </test-method> <!-- setUp -->
        <test-method signature="verifyHomePageTitle()[pri:0, instance:com.guru99.live.TestCases.TC_HomePageTest@1df82230]" started-at="2019-07-18T16:45:24Z" name="verifyHomePageTitle" finished-at="2019-07-18T16:45:24Z" duration-ms="11" status="PASS">
          <reporter-output>
          </reporter-output>
        </test-method> <!-- verifyHomePageTitle -->
        <test-method is-config="true" signature="tearDown()[pri:0, instance:com.guru99.live.TestCases.TC_HomePageTest@1df82230]" started-at="2019-07-18T16:45:24Z" name="tearDown" finished-at="2019-07-18T16:45:25Z" duration-ms="725" status="PASS">
          <reporter-output>
          </reporter-output>
        </test-method> <!-- tearDown -->
      </class> <!-- com.guru99.live.TestCases.TC_HomePageTest -->
    </test> <!-- Test -->
  </suite> <!-- Suite -->
</testng-results>
